# JRE version: OpenJDK Runtime Environment (8.0_76-b03) (build 1.8.0_76-release-b03)
# Java VM: OpenJDK 64-Bit Server VM (25.76-b03 mixed mode linux-amd64 compressed oops)
Heap:
 PSYoungGen      total 219648K, used 14840K [0x00000000e0000000, 0x00000000ee580000, 0x0000000100000000)
  eden space 204800K, 0% used [0x00000000e0000000,0x00000000e0000000,0x00000000ec800000)
  from space 14848K, 99% used [0x00000000ec880000,0x00000000ed6fe280,0x00000000ed700000)
  to   space 11264K, 0% used [0x00000000eda80000,0x00000000eda80000,0x00000000ee580000)
 ParOldGen       total 82944K, used 24494K [0x00000000a0000000, 0x00000000a5100000, 0x00000000e0000000)
  object space 82944K, 29% used [0x00000000a0000000,0x00000000a17eba08,0x00000000a5100000)
 Metaspace       used 48735K, capacity 50064K, committed 50176K, reserved 1093632K
  class space    used 6530K, capacity 6804K, committed 6912K, reserved 1048576K
GC Heap History (10 events):
Event: 8.494 GC heap after
Heap after GC invocations=4 (full 0):
 PSYoungGen      total 132096K, used 5088K [0x00000000e0000000, 0x00000000e8600000, 0x0000000100000000)
  eden space 126976K, 0% used [0x00000000e0000000,0x00000000e0000000,0x00000000e7c00000)
  from space 5120K, 99% used [0x00000000e8100000,0x00000000e85f8020,0x00000000e8600000)
  to   space 5120K, 0% used [0x00000000e7c00000,0x00000000e7c00000,0x00000000e8100000)
 ParOldGen       total 84992K, used 9686K [0x00000000a0000000, 0x00000000a5300000, 0x00000000e0000000)
  object space 84992K, 11% used [0x00000000a0000000,0x00000000a0975b70,0x00000000a5300000)
 Metaspace       used 20934K, capacity 21284K, committed 21296K, reserved 1067008K
  class space    used 2810K, capacity 2938K, committed 2944K, reserved 1048576K
}
Event: 8.494 GC heap before
{Heap before GC invocations=5 (full 1):
 PSYoungGen      total 132096K, used 5088K [0x00000000e0000000, 0x00000000e8600000, 0x0000000100000000)
  eden space 126976K, 0% used [0x00000000e0000000,0x00000000e0000000,0x00000000e7c00000)
  from space 5120K, 99% used [0x00000000e8100000,0x00000000e85f8020,0x00000000e8600000)
  to   space 5120K, 0% used [0x00000000e7c00000,0x00000000e7c00000,0x00000000e8100000)
 ParOldGen       total 84992K, used 9686K [0x00000000a0000000, 0x00000000a5300000, 0x00000000e0000000)
  object space 84992K, 11% used [0x00000000a0000000,0x00000000a0975b70,0x00000000a5300000)
 Metaspace       used 20934K, capacity 21284K, committed 21296K, reserved 1067008K
  class space    used 2810K, capacity 2938K, committed 2944K, reserved 1048576K
Event: 8.652 GC heap after
Heap after GC invocations=5 (full 1):
 PSYoungGen      total 132096K, used 0K [0x00000000e0000000, 0x00000000e8600000, 0x0000000100000000)
  eden space 126976K, 0% used [0x00000000e0000000,0x00000000e0000000,0x00000000e7c00000)
  from space 5120K, 0% used [0x00000000e8100000,0x00000000e8100000,0x00000000e8600000)
  to   space 5120K, 0% used [0x00000000e7c00000,0x00000000e7c00000,0x00000000e8100000)
 ParOldGen       total 62976K, used 13497K [0x00000000a0000000, 0x00000000a3d80000, 0x00000000e0000000)
  object space 62976K, 21% used [0x00000000a0000000,0x00000000a0d2e4f0,0x00000000a3d80000)
 Metaspace       used 20934K, capacity 21284K, committed 21296K, reserved 1067008K
  class space    used 2810K, capacity 2938K, committed 2944K, reserved 1048576K
}
Event: 13.285 GC heap before
{Heap before GC invocations=6 (full 1):
 PSYoungGen      total 132096K, used 126976K [0x00000000e0000000, 0x00000000e8600000, 0x0000000100000000)
  eden space 126976K, 100% used [0x00000000e0000000,0x00000000e7c00000,0x00000000e7c00000)
  from space 5120K, 0% used [0x00000000e8100000,0x00000000e8100000,0x00000000e8600000)
  to   space 5120K, 0% used [0x00000000e7c00000,0x00000000e7c00000,0x00000000e8100000)
 ParOldGen       total 62976K, used 13497K [0x00000000a0000000, 0x00000000a3d80000, 0x00000000e0000000)
  object space 62976K, 21% used [0x00000000a0000000,0x00000000a0d2e4f0,0x00000000a3d80000)
 Metaspace       used 27842K, capacity 28398K, committed 28672K, reserved 1073152K
  class space    used 3820K, capacity 3975K, committed 4096K, reserved 1048576K
Event: 13.336 GC heap after
Heap after GC invocations=6 (full 1):
 PSYoungGen      total 132096K, used 5112K [0x00000000e0000000, 0x00000000ee800000, 0x0000000100000000)
  eden space 126976K, 0% used [0x00000000e0000000,0x00000000e0000000,0x00000000e7c00000)
  from space 5120K, 99% used [0x00000000e7c00000,0x00000000e80fe0e8,0x00000000e8100000)
  to   space 13824K, 0% used [0x00000000eda80000,0x00000000eda80000,0x00000000ee800000)
 ParOldGen       total 62976K, used 17792K [0x00000000a0000000, 0x00000000a3d80000, 0x00000000e0000000)
  object space 62976K, 28% used [0x00000000a0000000,0x00000000a1160270,0x00000000a3d80000)
 Metaspace       used 27842K, capacity 28398K, committed 28672K, reserved 1073152K
  class space    used 3820K, capacity 3975K, committed 4096K, reserved 1048576K
}
Event: 18.241 GC heap before
{Heap before GC invocations=7 (full 1):
 PSYoungGen      total 132096K, used 74634K [0x00000000e0000000, 0x00000000ee800000, 0x0000000100000000)
  eden space 126976K, 54% used [0x00000000e0000000,0x00000000e43e4900,0x00000000e7c00000)
  from space 5120K, 99% used [0x00000000e7c00000,0x00000000e80fe0e8,0x00000000e8100000)
  to   space 13824K, 0% used [0x00000000eda80000,0x00000000eda80000,0x00000000ee800000)
 ParOldGen       total 62976K, used 17792K [0x00000000a0000000, 0x00000000a3d80000, 0x00000000e0000000)
  object space 62976K, 28% used [0x00000000a0000000,0x00000000a1160270,0x00000000a3d80000)
 Metaspace       used 34618K, capacity 35372K, committed 35496K, reserved 1079296K
  class space    used 4626K, capacity 4831K, committed 4864K, reserved 1048576K
Event: 18.304 GC heap after
Heap after GC invocations=7 (full 1):
 PSYoungGen      total 216064K, used 10921K [0x00000000e0000000, 0x00000000ee580000, 0x0000000100000000)
  eden space 204800K, 0% used [0x00000000e0000000,0x00000000e0000000,0x00000000ec800000)
  from space 11264K, 96% used [0x00000000eda80000,0x00000000ee52a418,0x00000000ee580000)
  to   space 14848K, 0% used [0x00000000ec880000,0x00000000ec880000,0x00000000ed700000)
 ParOldGen       total 62976K, used 17792K [0x00000000a0000000, 0x00000000a3d80000, 0x00000000e0000000)
  object space 62976K, 28% used [0x00000000a0000000,0x00000000a1160270,0x00000000a3d80000)
 Metaspace       used 34618K, capacity 35372K, committed 35496K, reserved 1079296K
  class space    used 4626K, capacity 4831K, committed 4864K, reserved 1048576K
}
Event: 18.305 GC heap before
{Heap before GC invocations=8 (full 2):
 PSYoungGen      total 216064K, used 10921K [0x00000000e0000000, 0x00000000ee580000, 0x0000000100000000)
  eden space 204800K, 0% used [0x00000000e0000000,0x00000000e0000000,0x00000000ec800000)
  from space 11264K, 96% used [0x00000000eda80000,0x00000000ee52a418,0x00000000ee580000)
  to   space 14848K, 0% used [0x00000000ec880000,0x00000000ec880000,0x00000000ed700000)
 ParOldGen       total 62976K, used 17792K [0x00000000a0000000, 0x00000000a3d80000, 0x00000000e0000000)
  object space 62976K, 28% used [0x00000000a0000000,0x00000000a1160270,0x00000000a3d80000)
 Metaspace       used 34618K, capacity 35372K, committed 35496K, reserved 1079296K
  class space    used 4626K, capacity 4831K, committed 4864K, reserved 1048576K
Event: 18.446 GC heap after
Heap after GC invocations=8 (full 2):
 PSYoungGen      total 216064K, used 0K [0x00000000e0000000, 0x00000000ee580000, 0x0000000100000000)
  eden space 204800K, 0% used [0x00000000e0000000,0x00000000e0000000,0x00000000ec800000)
  from space 11264K, 0% used [0x00000000eda80000,0x00000000eda80000,0x00000000ee580000)
  to   space 14848K, 0% used [0x00000000ec880000,0x00000000ec880000,0x00000000ed700000)
 ParOldGen       total 82944K, used 18321K [0x00000000a0000000, 0x00000000a5100000, 0x00000000e0000000)
  object space 82944K, 22% used [0x00000000a0000000,0x00000000a11e4710,0x00000000a5100000)
 Metaspace       used 34591K, capacity 35284K, committed 35496K, reserved 1079296K
  class space    used 4618K, capacity 4823K, committed 4864K, reserved 1048576K
}
Event: 28.402 GC heap before
{Heap before GC invocations=9 (full 2):
 PSYoungGen      total 216064K, used 204800K [0x00000000e0000000, 0x00000000ee580000, 0x0000000100000000)
  eden space 204800K, 100% used [0x00000000e0000000,0x00000000ec800000,0x00000000ec800000)
  from space 11264K, 0% used [0x00000000eda80000,0x00000000eda80000,0x00000000ee580000)
  to   space 14848K, 0% used [0x00000000ec880000,0x00000000ec880000,0x00000000ed700000)
 ParOldGen       total 82944K, used 18321K [0x00000000a0000000, 0x00000000a5100000, 0x00000000e0000000)
  object space 82944K, 22% used [0x00000000a0000000,0x00000000a11e4710,0x00000000a5100000)
 Metaspace       used 48735K, capacity 50064K, committed 50176K, reserved 1093632K
  class space    used 6530K, capacity 6804K, committed 6912K, reserved 1048576K

