# JRE version: OpenJDK Runtime Environment (8.0_76-b03) (build 1.8.0_76-release-b03)
# Java VM: OpenJDK 64-Bit Server VM (25.76-b03 mixed mode linux-amd64 compressed oops)
Heap:
 PSYoungGen      total 360960K, used 15118K [0x00000000e0000000, 0x00000000f7880000, 0x0000000100000000)
  eden space 338944K, 0% used [0x00000000e0000000,0x00000000e0000000,0x00000000f4b00000)
  from space 22016K, 68% used [0x00000000f4b00000,0x00000000f59c3a48,0x00000000f6080000)
  to   space 19456K, 0% used [0x00000000f6080000,0x00000000f6080000,0x00000000f7380000)
 ParOldGen       total 62464K, used 47029K [0x00000000a0000000, 0x00000000a3d00000, 0x00000000e0000000)
  object space 62464K, 75% used [0x00000000a0000000,0x00000000a2ded7f8,0x00000000a3d00000)
 Metaspace       used 55785K, capacity 58058K, committed 58240K, reserved 1099776K
  class space    used 7536K, capacity 8060K, committed 8064K, reserved 1048576K
GC Heap History (10 events):
Event: 22.437 GC heap after
Heap after GC invocations=9 (full 1):
 PSYoungGen      total 246272K, used 8250K [0x00000000e0000000, 0x00000000efd80000, 0x0000000100000000)
  eden space 233984K, 0% used [0x00000000e0000000,0x00000000e0000000,0x00000000ee480000)
  from space 12288K, 67% used [0x00000000ef000000,0x00000000ef80eb10,0x00000000efc00000)
  to   space 11776K, 0% used [0x00000000ee480000,0x00000000ee480000,0x00000000ef000000)
 ParOldGen       total 50176K, used 10146K [0x00000000a0000000, 0x00000000a3100000, 0x00000000e0000000)
  object space 50176K, 20% used [0x00000000a0000000,0x00000000a09e8b08,0x00000000a3100000)
 Metaspace       used 34534K, capacity 35268K, committed 35496K, reserved 1079296K
  class space    used 4671K, capacity 4863K, committed 4864K, reserved 1048576K
}
Event: 22.437 GC heap before
{Heap before GC invocations=10 (full 2):
 PSYoungGen      total 246272K, used 8250K [0x00000000e0000000, 0x00000000efd80000, 0x0000000100000000)
  eden space 233984K, 0% used [0x00000000e0000000,0x00000000e0000000,0x00000000ee480000)
  from space 12288K, 67% used [0x00000000ef000000,0x00000000ef80eb10,0x00000000efc00000)
  to   space 11776K, 0% used [0x00000000ee480000,0x00000000ee480000,0x00000000ef000000)
 ParOldGen       total 50176K, used 10146K [0x00000000a0000000, 0x00000000a3100000, 0x00000000e0000000)
  object space 50176K, 20% used [0x00000000a0000000,0x00000000a09e8b08,0x00000000a3100000)
 Metaspace       used 34534K, capacity 35268K, committed 35496K, reserved 1079296K
  class space    used 4671K, capacity 4863K, committed 4864K, reserved 1048576K
Event: 22.637 GC heap after
Heap after GC invocations=10 (full 2):
 PSYoungGen      total 246272K, used 0K [0x00000000e0000000, 0x00000000efd80000, 0x0000000100000000)
  eden space 233984K, 0% used [0x00000000e0000000,0x00000000e0000000,0x00000000ee480000)
  from space 12288K, 0% used [0x00000000ef000000,0x00000000ef000000,0x00000000efc00000)
  to   space 11776K, 0% used [0x00000000ee480000,0x00000000ee480000,0x00000000ef000000)
 ParOldGen       total 62464K, used 15880K [0x00000000a0000000, 0x00000000a3d00000, 0x00000000e0000000)
  object space 62464K, 25% used [0x00000000a0000000,0x00000000a0f821e8,0x00000000a3d00000)
 Metaspace       used 34534K, capacity 35268K, committed 35496K, reserved 1079296K
  class space    used 4671K, capacity 4863K, committed 4864K, reserved 1048576K
}
Event: 32.685 GC heap before
{Heap before GC invocations=11 (full 2):
 PSYoungGen      total 246272K, used 233984K [0x00000000e0000000, 0x00000000efd80000, 0x0000000100000000)
  eden space 233984K, 100% used [0x00000000e0000000,0x00000000ee480000,0x00000000ee480000)
  from space 12288K, 0% used [0x00000000ef000000,0x00000000ef000000,0x00000000efc00000)
  to   space 11776K, 0% used [0x00000000ee480000,0x00000000ee480000,0x00000000ef000000)
 ParOldGen       total 62464K, used 15880K [0x00000000a0000000, 0x00000000a3d00000, 0x00000000e0000000)
  object space 62464K, 25% used [0x00000000a0000000,0x00000000a0f821e8,0x00000000a3d00000)
 Metaspace       used 49390K, capacity 51020K, committed 51200K, reserved 1093632K
  class space    used 6723K, capacity 7076K, committed 7168K, reserved 1048576K
Event: 32.779 GC heap after
Heap after GC invocations=11 (full 2):
 PSYoungGen      total 245760K, used 11763K [0x00000000e0000000, 0x00000000f7380000, 0x0000000100000000)
  eden space 233984K, 0% used [0x00000000e0000000,0x00000000e0000000,0x00000000ee480000)
  from space 11776K, 99% used [0x00000000ee480000,0x00000000eeffce88,0x00000000ef000000)
  to   space 19456K, 0% used [0x00000000f6080000,0x00000000f6080000,0x00000000f7380000)
 ParOldGen       total 62464K, used 30843K [0x00000000a0000000, 0x00000000a3d00000, 0x00000000e0000000)
  object space 62464K, 49% used [0x00000000a0000000,0x00000000a1e1ecb8,0x00000000a3d00000)
 Metaspace       used 49390K, capacity 51020K, committed 51200K, reserved 1093632K
  class space    used 6723K, capacity 7076K, committed 7168K, reserved 1048576K
}
Event: 35.068 GC heap before
{Heap before GC invocations=12 (full 2):
 PSYoungGen      total 245760K, used 63018K [0x00000000e0000000, 0x00000000f7380000, 0x0000000100000000)
  eden space 233984K, 21% used [0x00000000e0000000,0x00000000e320dbf8,0x00000000ee480000)
  from space 11776K, 99% used [0x00000000ee480000,0x00000000eeffce88,0x00000000ef000000)
  to   space 19456K, 0% used [0x00000000f6080000,0x00000000f6080000,0x00000000f7380000)
 ParOldGen       total 62464K, used 30843K [0x00000000a0000000, 0x00000000a3d00000, 0x00000000e0000000)
  object space 62464K, 49% used [0x00000000a0000000,0x00000000a1e1ecb8,0x00000000a3d00000)
 Metaspace       used 51274K, capacity 53270K, committed 53376K, reserved 1095680K
  class space    used 7071K, capacity 7518K, committed 7552K, reserved 1048576K
Event: 35.139 GC heap after
Heap after GC invocations=12 (full 2):
 PSYoungGen      total 358400K, used 18981K [0x00000000e0000000, 0x00000000f7880000, 0x0000000100000000)
  eden space 338944K, 0% used [0x00000000e0000000,0x00000000e0000000,0x00000000f4b00000)
  from space 19456K, 97% used [0x00000000f6080000,0x00000000f7309600,0x00000000f7380000)
  to   space 22016K, 0% used [0x00000000f4b00000,0x00000000f4b00000,0x00000000f6080000)
 ParOldGen       total 62464K, used 30843K [0x00000000a0000000, 0x00000000a3d00000, 0x00000000e0000000)
  object space 62464K, 49% used [0x00000000a0000000,0x00000000a1e1ecb8,0x00000000a3d00000)
 Metaspace       used 51274K, capacity 53270K, committed 53376K, reserved 1095680K
  class space    used 7071K, capacity 7518K, committed 7552K, reserved 1048576K
}
Event: 35.139 GC heap before
{Heap before GC invocations=13 (full 3):
 PSYoungGen      total 358400K, used 18981K [0x00000000e0000000, 0x00000000f7880000, 0x0000000100000000)
  eden space 338944K, 0% used [0x00000000e0000000,0x00000000e0000000,0x00000000f4b00000)
  from space 19456K, 97% used [0x00000000f6080000,0x00000000f7309600,0x00000000f7380000)
  to   space 22016K, 0% used [0x00000000f4b00000,0x00000000f4b00000,0x00000000f6080000)
 ParOldGen       total 62464K, used 30843K [0x00000000a0000000, 0x00000000a3d00000, 0x00000000e0000000)
  object space 62464K, 49% used [0x00000000a0000000,0x00000000a1e1ecb8,0x00000000a3d00000)
 Metaspace       used 51274K, capacity 53270K, committed 53376K, reserved 1095680K
  class space    used 7071K, capacity 7518K, committed 7552K, reserved 1048576K
Event: 35.636 GC heap after
Heap after GC invocations=13 (full 3):
 PSYoungGen      total 358400K, used 0K [0x00000000e0000000, 0x00000000f7880000, 0x0000000100000000)
  eden space 338944K, 0% used [0x00000000e0000000,0x00000000e0000000,0x00000000f4b00000)
  from space 19456K, 0% used [0x00000000f6080000,0x00000000f6080000,0x00000000f7380000)
  to   space 22016K, 0% used [0x00000000f4b00000,0x00000000f4b00000,0x00000000f6080000)
 ParOldGen       total 62464K, used 47021K [0x00000000a0000000, 0x00000000a3d00000, 0x00000000e0000000)
  object space 62464K, 75% used [0x00000000a0000000,0x00000000a2deb7f8,0x00000000a3d00000)
 Metaspace       used 51274K, capacity 53270K, committed 53376K, reserved 1095680K
  class space    used 7071K, capacity 7518K, committed 7552K, reserved 1048576K
}
Event: 96.521 GC heap before
{Heap before GC invocations=14 (full 3):
 PSYoungGen      total 358400K, used 338944K [0x00000000e0000000, 0x00000000f7880000, 0x0000000100000000)
  eden space 338944K, 100% used [0x00000000e0000000,0x00000000f4b00000,0x00000000f4b00000)
  from space 19456K, 0% used [0x00000000f6080000,0x00000000f6080000,0x00000000f7380000)
  to   space 22016K, 0% used [0x00000000f4b00000,0x00000000f4b00000,0x00000000f6080000)
 ParOldGen       total 62464K, used 47021K [0x00000000a0000000, 0x00000000a3d00000, 0x00000000e0000000)
  object space 62464K, 75% used [0x00000000a0000000,0x00000000a2deb7f8,0x00000000a3d00000)
 Metaspace       used 55785K, capacity 58058K, committed 58240K, reserved 1099776K
  class space    used 7536K, capacity 8060K, committed 8064K, reserved 1048576K

